D:\ADVENTURE\SOURCE\COCOS2DX\DEBUG.WIN32\ADVENTURE.EXE
D:\ADVENTURE\SOURCE\COCOS2DX\DEBUG.WIN32\ADVENTURE.ILK
D:\ADVENTURE\SOURCE\COCOS2DX\DEBUG.WIN32\ADVENTURE.PDB
D:\ADVENTURE\SOURCE\COCOS2DX\DEBUG.WIN32\HELLOLUA.EXE
D:\ADVENTURE\SOURCE\COCOS2DX\DEBUG.WIN32\HELLOLUA.ILK
D:\ADVENTURE\SOURCE\COCOS2DX\DEBUG.WIN32\HELLOLUA.PDB
D:\ADVENTURE\SOURCE\COCOS2DX\SAMPLES\ADVENTURE\PROJ.WIN32\DEBUG.WIN32\ADVENTURE.EXE.EMBED.MANIFEST
D:\ADVENTURE\SOURCE\COCOS2DX\SAMPLES\ADVENTURE\PROJ.WIN32\DEBUG.WIN32\ADVENTURE.EXE.EMBED.MANIFEST.RES
D:\ADVENTURE\SOURCE\COCOS2DX\SAMPLES\ADVENTURE\PROJ.WIN32\DEBUG.WIN32\ADVENTURE.EXE.INTERMEDIATE.MANIFEST
D:\Adventure\Source\cocos2dx\samples\Adventure\proj.win32\Debug.win32\Adventure.write.1.tlog
D:\Adventure\Source\cocos2dx\samples\Adventure\proj.win32\Debug.win32\Adventure_manifest.rc
D:\ADVENTURE\SOURCE\COCOS2DX\SAMPLES\ADVENTURE\PROJ.WIN32\DEBUG.WIN32\APPDELEGATE.OBJ
D:\ADVENTURE\SOURCE\COCOS2DX\SAMPLES\ADVENTURE\PROJ.WIN32\DEBUG.WIN32\CCLUAENGINE.OBJ
D:\Adventure\Source\cocos2dx\samples\Adventure\proj.win32\Debug.win32\cl.command.1.tlog
D:\Adventure\Source\cocos2dx\samples\Adventure\proj.win32\Debug.win32\CL.read.1.tlog
D:\Adventure\Source\cocos2dx\samples\Adventure\proj.win32\Debug.win32\CL.write.1.tlog
D:\ADVENTURE\SOURCE\COCOS2DX\SAMPLES\ADVENTURE\PROJ.WIN32\DEBUG.WIN32\COCOS2DXLUALOADER.OBJ
D:\Adventure\Source\cocos2dx\samples\Adventure\proj.win32\Debug.win32\HelloLua.exe.embed.manifest
D:\Adventure\Source\cocos2dx\samples\Adventure\proj.win32\Debug.win32\HelloLua.exe.embed.manifest.res
D:\Adventure\Source\cocos2dx\samples\Adventure\proj.win32\Debug.win32\HelloLua.exe.intermediate.manifest
D:\Adventure\Source\cocos2dx\samples\Adventure\proj.win32\Debug.win32\HelloLua.write.1.tlog
D:\Adventure\Source\cocos2dx\samples\Adventure\proj.win32\Debug.win32\HelloLua_manifest.rc
D:\Adventure\Source\cocos2dx\samples\Adventure\proj.win32\Debug.win32\link.5164.read.1.tlog
D:\Adventure\Source\cocos2dx\samples\Adventure\proj.win32\Debug.win32\link.5164.write.1.tlog
D:\Adventure\Source\cocos2dx\samples\Adventure\proj.win32\Debug.win32\link.5164-cvtres.read.1.tlog
D:\Adventure\Source\cocos2dx\samples\Adventure\proj.win32\Debug.win32\link.5164-cvtres.write.1.tlog
D:\Adventure\Source\cocos2dx\samples\Adventure\proj.win32\Debug.win32\link.command.1.tlog
D:\Adventure\Source\cocos2dx\samples\Adventure\proj.win32\Debug.win32\link.read.1.tlog
D:\Adventure\Source\cocos2dx\samples\Adventure\proj.win32\Debug.win32\link.write.1.tlog
D:\Adventure\Source\cocos2dx\samples\Adventure\proj.win32\Debug.win32\link-cvtres.read.1.tlog
D:\Adventure\Source\cocos2dx\samples\Adventure\proj.win32\Debug.win32\link-cvtres.write.1.tlog
D:\ADVENTURE\SOURCE\COCOS2DX\SAMPLES\ADVENTURE\PROJ.WIN32\DEBUG.WIN32\LUACOCOS2D.OBJ
D:\ADVENTURE\SOURCE\COCOS2DX\SAMPLES\ADVENTURE\PROJ.WIN32\DEBUG.WIN32\MAIN.OBJ
D:\Adventure\Source\cocos2dx\samples\Adventure\proj.win32\Debug.win32\mt.command.1.tlog
D:\Adventure\Source\cocos2dx\samples\Adventure\proj.win32\Debug.win32\mt.read.1.tlog
D:\Adventure\Source\cocos2dx\samples\Adventure\proj.win32\Debug.win32\mt.write.1.tlog
D:\Adventure\Source\cocos2dx\samples\Adventure\proj.win32\Debug.win32\rc.command.1.tlog
D:\Adventure\Source\cocos2dx\samples\Adventure\proj.win32\Debug.win32\rc.read.1.tlog
D:\Adventure\Source\cocos2dx\samples\Adventure\proj.win32\Debug.win32\rc.write.1.tlog
D:\Adventure\Source\cocos2dx\samples\Adventure\proj.win32\Debug.win32\ResolveAssemblyReference.cache
D:\ADVENTURE\SOURCE\COCOS2DX\SAMPLES\ADVENTURE\PROJ.WIN32\DEBUG.WIN32\TOLUA_FIX.OBJ
D:\Adventure\Source\cocos2dx\samples\Adventure\proj.win32\Debug.win32\vc100.idb
D:\ADVENTURE\SOURCE\COCOS2DX\SAMPLES\ADVENTURE\PROJ.WIN32\DEBUG.WIN32\VC100.PDB
D:\ADVENTURE\SOURCE\COCOS2DX\SAMPLES\HELLOLUA\PROJ.WIN32\DEBUG.WIN32\APPDELEGATE.OBJ
D:\ADVENTURE\SOURCE\COCOS2DX\SAMPLES\HELLOLUA\PROJ.WIN32\DEBUG.WIN32\CCLUAENGINE.OBJ
D:\ADVENTURE\SOURCE\COCOS2DX\SAMPLES\HELLOLUA\PROJ.WIN32\DEBUG.WIN32\COCOS2DXLUALOADER.OBJ
D:\ADVENTURE\SOURCE\COCOS2DX\SAMPLES\HELLOLUA\PROJ.WIN32\DEBUG.WIN32\HELLOLUA.EXE.EMBED.MANIFEST
D:\ADVENTURE\SOURCE\COCOS2DX\SAMPLES\HELLOLUA\PROJ.WIN32\DEBUG.WIN32\HELLOLUA.EXE.EMBED.MANIFEST.RES
D:\ADVENTURE\SOURCE\COCOS2DX\SAMPLES\HELLOLUA\PROJ.WIN32\DEBUG.WIN32\HELLOLUA.EXE.INTERMEDIATE.MANIFEST
D:\ADVENTURE\SOURCE\COCOS2DX\SAMPLES\HELLOLUA\PROJ.WIN32\DEBUG.WIN32\LUACOCOS2D.OBJ
D:\ADVENTURE\SOURCE\COCOS2DX\SAMPLES\HELLOLUA\PROJ.WIN32\DEBUG.WIN32\MAIN.OBJ
D:\ADVENTURE\SOURCE\COCOS2DX\SAMPLES\HELLOLUA\PROJ.WIN32\DEBUG.WIN32\TOLUA_FIX.OBJ
D:\ADVENTURE\SOURCE\COCOS2DX\SAMPLES\HELLOLUA\PROJ.WIN32\DEBUG.WIN32\VC100.PDB
