Build started 2012/12/7 11:49:18.
     1>Project "D:\Adventure\Source\cocos2dx\samples\Adventure\proj.win32\HelloLua.vcxproj" on node 2 (rebuild target(s)).
     1>_PrepareForClean:
         Deleting file "Debug.win32\Adventure.lastbuildstate".
       InitializeBuildStatus:
         Creating "Debug.win32\Adventure.unsuccessfulbuild" because "AlwaysCreate" was specified.
       ClCompile:
         D:\Program Files\Microsoft Visual Studio 10.0\VC\bin\CL.exe /c /ID:\Adventure\Source\cocos2dx\samples\Adventure\proj.win32\..\Classes /ID:\Adventure\Source\cocos2dx\samples\Adventure\proj.win32\..\..\..\scripting\lua\cocos2dx_support /ID:\Adventure\Source\cocos2dx\samples\Adventure\proj.win32\..\..\..\scripting\lua\lua /ID:\Adventure\Source\cocos2dx\samples\Adventure\proj.win32\..\..\..\scripting\lua\tolua /ID:\Adventure\Source\cocos2dx\samples\Adventure\proj.win32\..\..\..\scripting\lua\src /ID:\Adventure\Source\cocos2dx\samples\Adventure\proj.win32\..\..\..\cocos2dx /ID:\Adventure\Source\cocos2dx\samples\Adventure\proj.win32\..\..\..\cocos2dx\include /ID:\Adventure\Source\cocos2dx\samples\Adventure\proj.win32\..\..\..\cocos2dx\kazmath\include /ID:\Adventure\Source\cocos2dx\samples\Adventure\proj.win32\..\..\..\cocos2dx\platform\win32 /ID:\Adventure\Source\cocos2dx\samples\Adventure\proj.win32\..\..\..\cocos2dx\platform\third_party\win32\OGLES /ID:\Adventure\Source\cocos2dx\samples\Adventure\proj.win32\..\..\..\CocosDenshion\include /ZI /nologo /W3 /WX- /Od /Oy- /D WIN32 /D _WINDOWS /D STRICT /D _DEBUG /D COCOS2D_DEBUG=1 /D _CRT_SECURE_NO_WARNINGS /D _SCL_SECURE_NO_WARNINGS /D _UNICODE /D UNICODE /Gm /EHsc /RTC1 /MDd /GS /fp:precise /Zc:wchar_t /Zc:forScope /Fo"Debug.win32\\" /Fd"Debug.win32\vc100.pdb" /Gd /TP /wd4267 /wd4251 /wd4244 /analyze- /errorReport:prompt ..\Classes\AppDelegate.cpp ..\..\..\scripting\lua\cocos2dx_support\CCLuaEngine.cpp ..\..\..\scripting\lua\cocos2dx_support\Cocos2dxLuaLoader.cpp ..\..\..\scripting\lua\cocos2dx_support\LuaCocos2d.cpp ..\..\..\scripting\lua\cocos2dx_support\tolua_fix.c main.cpp
         main.cpp
         tolua_fix.c
         LuaCocos2d.cpp
         Cocos2dxLuaLoader.cpp
         CCLuaEngine.cpp
     1>d:\adventure\source\cocos2dx\scripting\lua\cocos2dx_support\ccluaengine.cpp(176): warning C4068: unknown pragma
     1>d:\adventure\source\cocos2dx\scripting\lua\cocos2dx_support\ccluaengine.cpp(177): warning C4068: unknown pragma
         AppDelegate.cpp
         Generating Code...
       ManifestResourceCompile:
         C:\Program Files\Microsoft SDKs\Windows\v7.0A\bin\rc.exe /nologo /fo"Debug.win32\Adventure.exe.embed.manifest.res" Debug.win32\Adventure_manifest.rc 
       Link:
         D:\Program Files\Microsoft Visual Studio 10.0\VC\bin\link.exe /ERRORREPORT:PROMPT /OUT:"D:\Adventure\Source\cocos2dx\Debug.win32\Adventure.exe" /INCREMENTAL /NOLOGO /LIBPATH:D:\Adventure\Source\cocos2dx\Debug.win32\ libcocos2d.lib libCocosDenshion.lib opengl32.lib glew32.lib liblua.lib kernel32.lib user32.lib gdi32.lib winspool.lib comdlg32.lib advapi32.lib shell32.lib ole32.lib oleaut32.lib uuid.lib odbc32.lib odbccp32.lib /MANIFEST /ManifestFile:"Debug.win32\Adventure.exe.intermediate.manifest" /MANIFESTUAC:"level='asInvoker' uiAccess='false'" /DEBUG /PDB:"D:\Adventure\Source\cocos2dx\Debug.win32\Adventure.pdb" /SUBSYSTEM:WINDOWS /TLBID:1 /DYNAMICBASE /NXCOMPAT /IMPLIB:"D:\Adventure\Source\cocos2dx\Debug.win32\Adventure.lib" /MACHINE:X86 Debug.win32\Adventure.exe.embed.manifest.res
         Debug.win32\AppDelegate.obj
         Debug.win32\CCLuaEngine.obj
         Debug.win32\Cocos2dxLuaLoader.obj
         Debug.win32\LuaCocos2d.obj
         Debug.win32\tolua_fix.obj
         Debug.win32\main.obj
         D:\Adventure\Source\cocos2dx\Debug.win32\libcocos2d.lib
         D:\Adventure\Source\cocos2dx\Debug.win32\libCocosDenshion.lib
         D:\Adventure\Source\cocos2dx\Debug.win32\liblua.lib
       Manifest:
         Deleting file "Debug.win32\Adventure.exe.embed.manifest".
         C:\Program Files\Microsoft SDKs\Windows\v7.0A\bin\mt.exe /nologo /verbose /out:"Debug.win32\Adventure.exe.embed.manifest" /manifest Debug.win32\Adventure.exe.intermediate.manifest
         C:\Program Files\Microsoft SDKs\Windows\v7.0A\bin\rc.exe /nologo /fo"Debug.win32\Adventure.exe.embed.manifest.res" Debug.win32\Adventure_manifest.rc 
       LinkEmbedManifest:
         D:\Program Files\Microsoft Visual Studio 10.0\VC\bin\link.exe /ERRORREPORT:PROMPT /OUT:"D:\Adventure\Source\cocos2dx\Debug.win32\Adventure.exe" /INCREMENTAL /NOLOGO /LIBPATH:D:\Adventure\Source\cocos2dx\Debug.win32\ libcocos2d.lib libCocosDenshion.lib opengl32.lib glew32.lib liblua.lib kernel32.lib user32.lib gdi32.lib winspool.lib comdlg32.lib advapi32.lib shell32.lib ole32.lib oleaut32.lib uuid.lib odbc32.lib odbccp32.lib /MANIFEST /ManifestFile:"Debug.win32\Adventure.exe.intermediate.manifest" /MANIFESTUAC:"level='asInvoker' uiAccess='false'" /DEBUG /PDB:"D:\Adventure\Source\cocos2dx\Debug.win32\Adventure.pdb" /SUBSYSTEM:WINDOWS /TLBID:1 /DYNAMICBASE /NXCOMPAT /IMPLIB:"D:\Adventure\Source\cocos2dx\Debug.win32\Adventure.lib" /MACHINE:X86 Debug.win32\Adventure.exe.embed.manifest.res
         Debug.win32\AppDelegate.obj
         Debug.win32\CCLuaEngine.obj
         Debug.win32\Cocos2dxLuaLoader.obj
         Debug.win32\LuaCocos2d.obj
         Debug.win32\tolua_fix.obj
         Debug.win32\main.obj
         D:\Adventure\Source\cocos2dx\Debug.win32\libcocos2d.lib
         D:\Adventure\Source\cocos2dx\Debug.win32\libCocosDenshion.lib
         D:\Adventure\Source\cocos2dx\Debug.win32\liblua.lib
         HelloLua.vcxproj -> D:\Adventure\Source\cocos2dx\Debug.win32\Adventure.exe
       FinalizeBuildStatus:
         Deleting file "Debug.win32\Adventure.unsuccessfulbuild".
         Touching "Debug.win32\Adventure.lastbuildstate".
     1>Done Building Project "D:\Adventure\Source\cocos2dx\samples\Adventure\proj.win32\HelloLua.vcxproj" (rebuild target(s)).

Build succeeded.

Time Elapsed 00:00:10.50
