生成启动时间为 2014/7/24 12:51:48。
     1>项目“D:\client\source\cocos2dx\scripting\lua\proj.win32\liblua.vcxproj”在节点 2 上(build 个目标)。
     1>InitializeBuildStatus:
         正在对“Debug.win32\liblua.unsuccessfulbuild”执行 Touch 任务。
       ClCompile:
         所有输出均为最新。
         C:\Program Files (x86)\Microsoft Visual Studio 10.0\VC\bin\CL.exe /c /ID:\client\source\cocos2dx\scripting\lua\proj.win32\..\tolua /ID:\client\source\cocos2dx\scripting\lua\proj.win32\..\lua /ZI /nologo /W3 /WX- /Od /Oy- /D WIN32 /D _WINDOWS /D _USRDLL /D _UNICODE /D UNICODE /Gm /EHsc /RTC1 /MDd /GS /fp:precise /Zc:wchar_t /Zc:forScope /Fo"Debug.win32\\" /Fd"Debug.win32\vc100.pdb" /Gd /TC /wd4996 /analyze- /errorReport:prompt ..\lua\lapi.c ..\lua\lauxlib.c ..\lua\lbaselib.c ..\lua\lcode.c ..\lua\ldblib.c ..\lua\ldebug.c ..\lua\ldo.c ..\lua\ldump.c ..\lua\lfunc.c ..\lua\lgc.c ..\lua\linit.c ..\lua\liolib.c ..\lua\llex.c ..\lua\lmathlib.c ..\lua\lmem.c ..\lua\loadlib.c ..\lua\lobject.c ..\lua\lopcodes.c ..\lua\loslib.c ..\lua\lparser.c ..\lua\lstate.c ..\lua\lstring.c ..\lua\lstrlib.c ..\lua\ltable.c ..\lua\ltablib.c ..\lua\ltm.c ..\lua\lua.c ..\lua\lundump.c ..\lua\lvm.c ..\lua\lzio.c ..\lua\print.c ..\tolua\tolua_event.c ..\tolua\tolua_is.c ..\tolua\tolua_map.c ..\tolua\tolua_push.c ..\tolua\tolua_to.c
         {{xgTaskID=00000005}}
         lapi.c
         {{xgTaskID=00000000}}
         {{xgTaskID=00000006}}
         lauxlib.c
         {{xgTaskID=00000000}}
         {{xgTaskID=00000007}}
         lbaselib.c
         {{xgTaskID=00000000}}
         {{xgTaskID=00000008}}
         lcode.c
         {{xgTaskID=00000000}}
         {{xgTaskID=00000009}}
         ldblib.c
         {{xgTaskID=00000000}}
         {{xgTaskID=0000000A}}
         ldebug.c
         {{xgTaskID=00000000}}
         {{xgTaskID=0000000B}}
         ldo.c
         {{xgTaskID=00000000}}
         {{xgTaskID=0000000C}}
         ldump.c
         {{xgTaskID=00000000}}
         {{xgTaskID=0000000D}}
         lfunc.c
         {{xgTaskID=00000000}}
         {{xgTaskID=0000000E}}
         lgc.c
         {{xgTaskID=00000000}}
         {{xgTaskID=0000000F}}
         linit.c
         {{xgTaskID=00000000}}
         {{xgTaskID=00000010}}
         liolib.c
         {{xgTaskID=00000000}}
         {{xgTaskID=00000011}}
         llex.c
         {{xgTaskID=00000000}}
         {{xgTaskID=00000012}}
         lmathlib.c
         {{xgTaskID=00000000}}
         {{xgTaskID=00000013}}
         lmem.c
         {{xgTaskID=00000000}}
         {{xgTaskID=00000014}}
         loadlib.c
         {{xgTaskID=00000000}}
         {{xgTaskID=00000015}}
         lobject.c
         {{xgTaskID=00000000}}
         {{xgTaskID=00000016}}
         lopcodes.c
         {{xgTaskID=00000000}}
         {{xgTaskID=00000017}}
         loslib.c
         {{xgTaskID=00000000}}
         {{xgTaskID=00000018}}
         lparser.c
         {{xgTaskID=00000000}}
         {{xgTaskID=00000019}}
         lstate.c
         {{xgTaskID=00000000}}
         {{xgTaskID=0000001A}}
         lstring.c
         {{xgTaskID=00000000}}
         {{xgTaskID=0000001B}}
         lstrlib.c
         {{xgTaskID=00000000}}
         {{xgTaskID=0000001C}}
         ltable.c
         {{xgTaskID=00000000}}
         {{xgTaskID=0000001D}}
         ltablib.c
         {{xgTaskID=00000000}}
         {{xgTaskID=0000001E}}
         ltm.c
         {{xgTaskID=00000000}}
         {{xgTaskID=0000001F}}
         lua.c
         {{xgTaskID=00000000}}
         {{xgTaskID=00000020}}
         lundump.c
         {{xgTaskID=00000000}}
         {{xgTaskID=00000021}}
         lvm.c
         {{xgTaskID=00000000}}
         {{xgTaskID=00000022}}
         lzio.c
         {{xgTaskID=00000000}}
         {{xgTaskID=00000023}}
         print.c
         {{xgTaskID=00000000}}
         {{xgTaskID=00000024}}
         tolua_event.c
         {{xgTaskID=00000000}}
         {{xgTaskID=00000025}}
         tolua_is.c
         {{xgTaskID=00000000}}
         {{xgTaskID=00000026}}
         tolua_map.c
         {{xgTaskID=00000000}}
         {{xgTaskID=00000027}}
         tolua_push.c
         {{xgTaskID=00000000}}
         {{xgTaskID=00000028}}
         tolua_to.c
         {{xgTaskID=00000000}}
       Lib:
         C:\Program Files (x86)\Microsoft Visual Studio 10.0\VC\bin\Lib.exe /OUT:"D:\client\source\Win32\Debug.win32\liblua.lib" /NOLOGO Debug.win32\lapi.obj
         Debug.win32\lauxlib.obj
         Debug.win32\lbaselib.obj
         Debug.win32\lcode.obj
         Debug.win32\ldblib.obj
         Debug.win32\ldebug.obj
         Debug.win32\ldo.obj
         Debug.win32\ldump.obj
         Debug.win32\lfunc.obj
         Debug.win32\lgc.obj
         Debug.win32\linit.obj
         Debug.win32\liolib.obj
         Debug.win32\llex.obj
         Debug.win32\lmathlib.obj
         Debug.win32\lmem.obj
         Debug.win32\loadlib.obj
         Debug.win32\lobject.obj
         Debug.win32\lopcodes.obj
         Debug.win32\loslib.obj
         Debug.win32\lparser.obj
         Debug.win32\lstate.obj
         Debug.win32\lstring.obj
         Debug.win32\lstrlib.obj
         Debug.win32\ltable.obj
         Debug.win32\ltablib.obj
         Debug.win32\ltm.obj
         Debug.win32\lua.obj
         Debug.win32\lundump.obj
         Debug.win32\lvm.obj
         Debug.win32\lzio.obj
         Debug.win32\print.obj
         Debug.win32\tolua_event.obj
         Debug.win32\tolua_is.obj
         Debug.win32\tolua_map.obj
         Debug.win32\tolua_push.obj
         Debug.win32\tolua_to.obj
         {{xgTaskID=000000F1}}
         
         {{xgTaskID=00000000}}
         liblua.vcxproj -> D:\client\source\Win32\Debug.win32\liblua.lib
       FinalizeBuildStatus:
         正在删除文件“Debug.win32\liblua.unsuccessfulbuild”。
         正在对“Debug.win32\liblua.lastbuildstate”执行 Touch 任务。
     1>已完成生成项目“D:\client\source\cocos2dx\scripting\lua\proj.win32\liblua.vcxproj”(build 个目标)的操作。

生成成功。

已用时间 00:00:08.81
