生成启动时间为 2014/7/24 12:50:33。
     1>项目“D:\client\source\cocos2dx\CocosDenshion\proj.win32\CocosDenshion.vcxproj”在节点 3 上(build 个目标)。
     1>InitializeBuildStatus:
         正在对“Debug.win32\libCocosDenshion.unsuccessfulbuild”执行 Touch 任务。
       ClCompile:
         C:\Program Files (x86)\Microsoft Visual Studio 10.0\VC\bin\CL.exe /c /I..\Include /ZI /nologo /W3 /WX- /Od /Oy- /D WIN32 /D _DEBUG /D _WINDOWS /D _USRDLL /D COCOSDENSHIONWIN32_EXPORTS /D _EXPORT_DLL_ /D _WINDLL /Gm /EHsc /RTC1 /MDd /GS /fp:precise /Zc:wchar_t /Zc:forScope /Fo"Debug.win32\\" /Fd"Debug.win32\vc100.pdb" /Gd /TP /analyze- /errorReport:prompt ..\win32\MciPlayer.cpp ..\win32\SimpleAudioEngine.cpp
         {{xgTaskID=00000023}}
         MciPlayer.cpp
         {{xgTaskID=00000000}}
         {{xgTaskID=00000024}}
         SimpleAudioEngine.cpp
     1>d:\client\source\cocos2dx\cocosdenshion\include\simpleaudioengine.h(220): warning C4251: “CocosDenshion::SimpleAudioEngine::m_mapHash2EffectId”: class“std::map<_Kty,_Ty>”需要有 dll 接口由 class“CocosDenshion::SimpleAudioEngine”的客户端使用
                 with
                 [
                     _Kty=unsigned int,
                     _Ty=unsigned int
                 ]
         {{xgTaskID=00000000}}
       Link:
         C:\Program Files (x86)\Microsoft Visual Studio 10.0\VC\bin\link.exe /ERRORREPORT:PROMPT /OUT:"D:\client\source\Win32\Debug.win32\libCocosDenshion.dll" /INCREMENTAL:NO /NOLOGO winmm.lib kernel32.lib user32.lib gdi32.lib winspool.lib comdlg32.lib advapi32.lib shell32.lib ole32.lib oleaut32.lib uuid.lib odbc32.lib odbccp32.lib /MANIFEST /ManifestFile:"Debug.win32\libCocosDenshion.dll.intermediate.manifest" /MANIFESTUAC:"level='asInvoker' uiAccess='false'" /DEBUG /PDB:"D:\client\source\Win32\Debug.win32\libCocosDenshion.pdb" /SUBSYSTEM:WINDOWS /TLBID:1 /DYNAMICBASE /NXCOMPAT /IMPLIB:"D:\client\source\Win32\Debug.win32\libCocosDenshion.lib" /MACHINE:X86 /DLL Debug.win32\MciPlayer.obj
         Debug.win32\SimpleAudioEngine.obj
         {{xgTaskID=00000113}}
     1>MciPlayer.obj : warning LNK4075: 忽略“/EDITANDCONTINUE”(由于“/INCREMENTAL:NO”规范)
            正在创建库 D:\client\source\Win32\Debug.win32\libCocosDenshion.lib 和对象 D:\client\source\Win32\Debug.win32\libCocosDenshion.exp
         {{xgTaskID=00000000}}
         CocosDenshion.vcxproj -> D:\client\source\Win32\Debug.win32\libCocosDenshion.dll
       Manifest:
         C:\Program Files (x86)\Microsoft SDKs\Windows\v7.0A\bin\mt.exe /nologo /verbose /outputresource:"D:\client\source\Win32\Debug.win32\libCocosDenshion.dll;#2" /manifest Debug.win32\libCocosDenshion.dll.intermediate.manifest
         {{xgTaskID=00000114}}
         
         {{xgTaskID=00000000}}
       FinalizeBuildStatus:
         正在删除文件“Debug.win32\libCocosDenshion.unsuccessfulbuild”。
         正在对“Debug.win32\libCocosDenshion.lastbuildstate”执行 Touch 任务。
     1>已完成生成项目“D:\client\source\cocos2dx\CocosDenshion\proj.win32\CocosDenshion.vcxproj”(build 个目标)的操作。

生成成功。

已用时间 00:00:18.97
