生成启动时间为 2014/9/23 15:43:12。
     1>项目“D:\client\source\cocos2dx\extensions\proj.win32\libExtensions.vcxproj”在节点 3 上(Build 个目标)。
     1>InitializeBuildStatus:
         正在创建“Debug.win32\libExtensions.unsuccessfulbuild”，因为已指定“AlwaysCreate”。
       ClCompile:
         C:\Program Files (x86)\Microsoft Visual Studio 10.0\VC\bin\CL.exe /c /ID:\client\source\cocos2dx\extensions\proj.win32\..\..\external\chipmunk\include\chipmunk /ID:\client\source\cocos2dx\extensions\proj.win32\..\..\external /ID:\client\source\cocos2dx\extensions\proj.win32\..\..\cocos2dx /ID:\client\source\cocos2dx\extensions\proj.win32\..\..\cocos2dx\include /ID:\client\source\cocos2dx\extensions\proj.win32\..\..\cocos2dx\kazmath\include /ID:\client\source\cocos2dx\extensions\proj.win32\..\..\cocos2dx\platform\win32 /ID:\client\source\cocos2dx\extensions\proj.win32\..\..\cocos2dx\platform\third_party\win32 /ID:\client\source\cocos2dx\extensions\proj.win32\..\..\cocos2dx\platform\third_party\win32\pthread /ID:\client\source\cocos2dx\extensions\proj.win32\..\..\cocos2dx\platform\third_party\win32\OGLES /I..\ /ZI /nologo /W3 /WX- /Od /Oy- /D WIN32 /D _WINDOWS /D _DEBUG /D _LIB /D COCOS2D_DEBUG=1 /D CC_ENABLE_CHIPMUNK_INTEGRATION=1 /D _CRT_SECURE_NO_WARNINGS /D _SCL_SECURE_NO_WARNINGS /D _UNICODE /D UNICODE /Gm /EHsc /RTC1 /MDd /GS /fp:precise /Zc:wchar_t /Zc:forScope /Fo"Debug.win32\\" /Fd"Debug.win32\vc100.pdb" /Gd /TP /wd4267 /wd4251 /wd4244 /analyze- /errorReport:prompt ..\CCBReader\CCBAnimationManager.cpp ..\CCBReader\CCBFileLoader.cpp ..\CCBReader\CCBKeyframe.cpp ..\CCBReader\CCBReader.cpp ..\CCBReader\CCBSequence.cpp ..\CCBReader\CCBSequenceProperty.cpp ..\CCBReader\CCBValue.cpp ..\CCBReader\CCControlButtonLoader.cpp ..\CCBReader\CCControlLoader.cpp ..\CCBReader\CCData.cpp ..\CCBReader\CCLabelBMFontLoader.cpp ..\CCBReader\CCLabelTTFLoader.cpp ..\CCBReader\CCLayerColorLoader.cpp ..\CCBReader\CCLayerGradientLoader.cpp ..\CCBReader\CCLayerLoader.cpp ..\CCBReader\CCMenuItemImageLoader.cpp ..\CCBReader\CCMenuItemLoader.cpp ..\CCBReader\CCNode+CCBRelativePositioning.cpp ..\CCBReader\CCNodeLoader.cpp ..\CCBReader\CCNodeLoaderLibrary.cpp ..\CCBReader\CCParticleSystemQuadLoader.cpp ..\CCBReader\CCScale9SpriteLoader.cpp ..\CCBReader\CCScrollViewLoader.cpp ..\CCBReader\CCSpriteLoader.cpp ..\GUI\CCControlExtension\CCControl.cpp ..\GUI\CCControlExtension\CCControlButton.cpp ..\GUI\CCControlExtension\CCControlColourPicker.cpp ..\GUI\CCControlExtension\CCControlHuePicker.cpp ..\GUI\CCControlExtension\CCControlPotentiometer.cpp ..\GUI\CCControlExtension\CCControlSaturationBrightnessPicker.cpp ..\GUI\CCControlExtension\CCControlSlider.cpp ..\GUI\CCControlExtension\CCControlStepper.cpp ..\GUI\CCControlExtension\CCControlSwitch.cpp ..\GUI\CCControlExtension\CCControlUtils.cpp ..\GUI\CCControlExtension\CCInvocation.cpp ..\GUI\CCControlExtension\CCScale9Sprite.cpp ..\GUI\CCEditBox\CCEditBox.cpp ..\GUI\CCEditBox\CCEditBoxImplWin.cpp ..\GUI\CCScrollView\CCScrollView.cpp ..\GUI\CCScrollView\CCSorting.cpp ..\GUI\CCScrollView\CCTableView.cpp ..\GUI\CCScrollView\CCTableViewCell.cpp ..\network\HttpClient.cpp ..\physics_nodes\CCPhysicsDebugNode.cpp ..\physics_nodes\CCPhysicsSprite.cpp Win32InputBox.cpp
         {{xgTaskID=00000072}}
         CCBSequenceProperty.cpp
         {{xgTaskID=00000000}}
         {{xgTaskID=00000071}}
         CCBSequence.cpp
         {{xgTaskID=00000000}}
         {{xgTaskID=00000073}}
         CCBValue.cpp
         {{xgTaskID=00000000}}
         {{xgTaskID=00000076}}
         CCData.cpp
         {{xgTaskID=00000000}}
         {{xgTaskID=00000074}}
         CCControlButtonLoader.cpp
         {{xgTaskID=00000000}}
         {{xgTaskID=00000075}}
         CCControlLoader.cpp
         {{xgTaskID=00000000}}
         {{xgTaskID=0000007C}}
         CCMenuItemImageLoader.cpp
         {{xgTaskID=00000000}}
         {{xgTaskID=0000006E}}
         CCBFileLoader.cpp
         {{xgTaskID=00000000}}
         {{xgTaskID=0000006F}}
         CCBKeyframe.cpp
         {{xgTaskID=00000000}}
         {{xgTaskID=00000079}}
         CCLayerColorLoader.cpp
         {{xgTaskID=00000000}}
         {{xgTaskID=0000007A}}
         CCLayerGradientLoader.cpp
         {{xgTaskID=00000000}}
         {{xgTaskID=0000006D}}
         CCBAnimationManager.cpp
         {{xgTaskID=00000000}}
         {{xgTaskID=00000070}}
         CCBReader.cpp
         {{xgTaskID=00000000}}
         {{xgTaskID=0000007B}}
         CCLayerLoader.cpp
         {{xgTaskID=00000000}}
         {{xgTaskID=0000007D}}
         CCMenuItemLoader.cpp
         {{xgTaskID=00000000}}
         {{xgTaskID=0000007E}}
         CCNode+CCBRelativePositioning.cpp
         {{xgTaskID=00000000}}
         {{xgTaskID=00000078}}
         CCLabelTTFLoader.cpp
         {{xgTaskID=00000000}}
         {{xgTaskID=00000077}}
         CCLabelBMFontLoader.cpp
         {{xgTaskID=00000000}}
         {{xgTaskID=00000080}}
         CCNodeLoaderLibrary.cpp
         {{xgTaskID=00000000}}
         {{xgTaskID=00000084}}
         CCSpriteLoader.cpp
         {{xgTaskID=00000000}}
         {{xgTaskID=00000085}}
         CCControl.cpp
         {{xgTaskID=00000000}}
         {{xgTaskID=00000086}}
         CCControlButton.cpp
         {{xgTaskID=00000000}}
         {{xgTaskID=00000087}}
         CCControlColourPicker.cpp
         {{xgTaskID=00000000}}
         {{xgTaskID=0000008F}}
         CCInvocation.cpp
         {{xgTaskID=00000000}}
         {{xgTaskID=00000088}}
         CCControlHuePicker.cpp
         {{xgTaskID=00000000}}
         {{xgTaskID=0000008B}}
         CCControlSlider.cpp
         {{xgTaskID=00000000}}
         {{xgTaskID=0000008A}}
         CCControlSaturationBrightnessPicker.cpp
         {{xgTaskID=00000000}}
         {{xgTaskID=00000081}}
         CCParticleSystemQuadLoader.cpp
         {{xgTaskID=00000000}}
         {{xgTaskID=0000008E}}
         CCControlUtils.cpp
         {{xgTaskID=00000000}}
         {{xgTaskID=00000089}}
         CCControlPotentiometer.cpp
         {{xgTaskID=00000000}}
         {{xgTaskID=00000082}}
         CCScale9SpriteLoader.cpp
         {{xgTaskID=00000000}}
         {{xgTaskID=0000007F}}
         CCNodeLoader.cpp
         {{xgTaskID=00000000}}
         {{xgTaskID=00000083}}
         CCScrollViewLoader.cpp
         {{xgTaskID=00000000}}
         {{xgTaskID=0000008D}}
         CCControlSwitch.cpp
         {{xgTaskID=00000000}}
         {{xgTaskID=0000008C}}
         CCControlStepper.cpp
         {{xgTaskID=00000000}}
         {{xgTaskID=00000090}}
         CCScale9Sprite.cpp
         {{xgTaskID=00000000}}
         {{xgTaskID=00000091}}
         CCEditBox.cpp
         {{xgTaskID=00000000}}
         {{xgTaskID=00000092}}
         CCEditBoxImplWin.cpp
         {{xgTaskID=00000000}}
         {{xgTaskID=00000094}}
         CCSorting.cpp
         {{xgTaskID=00000000}}
         {{xgTaskID=00000095}}
         CCTableView.cpp
         {{xgTaskID=00000000}}
         {{xgTaskID=0000009A}}
         Win32InputBox.cpp
         {{xgTaskID=00000000}}
         {{xgTaskID=00000096}}
         CCTableViewCell.cpp
         {{xgTaskID=00000000}}
         {{xgTaskID=00000093}}
         CCScrollView.cpp
         {{xgTaskID=00000000}}
         {{xgTaskID=00000099}}
         CCPhysicsSprite.cpp
         {{xgTaskID=00000000}}
         {{xgTaskID=00000098}}
         CCPhysicsDebugNode.cpp
         {{xgTaskID=00000000}}
         {{xgTaskID=00000097}}
         HttpClient.cpp
         {{xgTaskID=00000000}}
       Lib:
         C:\Program Files (x86)\Microsoft Visual Studio 10.0\VC\bin\Lib.exe /OUT:"D:\client\source\Win32\Debug.win32\libExtensions.lib" /NOLOGO Debug.win32\CCBAnimationManager.obj
         Debug.win32\CCBFileLoader.obj
         Debug.win32\CCBKeyframe.obj
         Debug.win32\CCBReader.obj
         Debug.win32\CCBSequence.obj
         Debug.win32\CCBSequenceProperty.obj
         Debug.win32\CCBValue.obj
         Debug.win32\CCControlButtonLoader.obj
         Debug.win32\CCControlLoader.obj
         Debug.win32\CCData.obj
         Debug.win32\CCLabelBMFontLoader.obj
         Debug.win32\CCLabelTTFLoader.obj
         Debug.win32\CCLayerColorLoader.obj
         Debug.win32\CCLayerGradientLoader.obj
         Debug.win32\CCLayerLoader.obj
         Debug.win32\CCMenuItemImageLoader.obj
         Debug.win32\CCMenuItemLoader.obj
         Debug.win32\CCNode+CCBRelativePositioning.obj
         Debug.win32\CCNodeLoader.obj
         Debug.win32\CCNodeLoaderLibrary.obj
         Debug.win32\CCParticleSystemQuadLoader.obj
         Debug.win32\CCScale9SpriteLoader.obj
         Debug.win32\CCScrollViewLoader.obj
         Debug.win32\CCSpriteLoader.obj
         Debug.win32\CCControl.obj
         Debug.win32\CCControlButton.obj
         Debug.win32\CCControlColourPicker.obj
         Debug.win32\CCControlHuePicker.obj
         Debug.win32\CCControlPotentiometer.obj
         Debug.win32\CCControlSaturationBrightnessPicker.obj
         Debug.win32\CCControlSlider.obj
         Debug.win32\CCControlStepper.obj
         Debug.win32\CCControlSwitch.obj
         Debug.win32\CCControlUtils.obj
         Debug.win32\CCInvocation.obj
         Debug.win32\CCScale9Sprite.obj
         Debug.win32\CCEditBox.obj
         Debug.win32\CCEditBoxImplWin.obj
         Debug.win32\CCScrollView.obj
         Debug.win32\CCSorting.obj
         Debug.win32\CCTableView.obj
         Debug.win32\CCTableViewCell.obj
         Debug.win32\HttpClient.obj
         Debug.win32\CCPhysicsDebugNode.obj
         Debug.win32\CCPhysicsSprite.obj
         Debug.win32\Win32InputBox.obj
         {{xgTaskID=0000009B}}
         
         {{xgTaskID=00000000}}
         libExtensions.vcxproj -> D:\client\source\Win32\Debug.win32\libExtensions.lib
       FinalizeBuildStatus:
         正在删除文件“Debug.win32\libExtensions.unsuccessfulbuild”。
         正在对“Debug.win32\libExtensions.lastbuildstate”执行 Touch 任务。
     1>已完成生成项目“D:\client\source\cocos2dx\extensions\proj.win32\libExtensions.vcxproj”(Build 个目标)的操作。

生成成功。

已用时间 00:00:41.71
