生成启动时间为 2014/9/23 15:43:12。
     1>项目“D:\client\source\cocos2dx\cocos2dx\proj.win32\cocos2d.vcxproj”在节点 2 上(Build 个目标)。
     1>InitializeBuildStatus:
         正在创建“Debug.win32\libcocos2d.unsuccessfulbuild”，因为已指定“AlwaysCreate”。
       ClCompile:
         C:\Program Files (x86)\Microsoft Visual Studio 10.0\VC\bin\CL.exe /c /ID:\client\source\cocos2dx\cocos2dx\proj.win32\.. /ID:\client\source\cocos2dx\cocos2dx\proj.win32\..\platform\win32 /ID:\client\source\cocos2dx\cocos2dx\proj.win32\..\platform\third_party\win32\iconv /ID:\client\source\cocos2dx\cocos2dx\proj.win32\..\platform\third_party\win32\zlib /ID:\client\source\cocos2dx\cocos2dx\proj.win32\..\platform\third_party\win32\libpng /ID:\client\source\cocos2dx\cocos2dx\proj.win32\..\platform\third_party\win32\libjpeg /ID:\client\source\cocos2dx\cocos2dx\proj.win32\..\platform\third_party\win32\libtiff /ID:\client\source\cocos2dx\cocos2dx\proj.win32\..\platform\third_party\win32\libxml2 /ID:\client\source\cocos2dx\cocos2dx\proj.win32\..\platform\third_party\win32\pthread /ID:\client\source\cocos2dx\cocos2dx\proj.win32\..\platform\third_party\win32\OGLES /I..\include /ID:\client\source\cocos2dx\cocos2dx\proj.win32\..\kazmath\include /ID:\client\source\cocos2dx\cocos2dx\proj.win32\..\platform /ID:\client\source\cocos2dx\cocos2dx\proj.win32\..\..\..\Classes /ZI /nologo /W3 /WX- /Od /Oy- /D WIN32 /D _DEBUG /D _WINDOWS /D _USRDLL /D COCOS2DXWIN32_EXPORTS /D GL_GLEXT_PROTOTYPES /D OUR_DEBUG /D COCOS2D_DEBUG=1 /D _CRT_SECURE_NO_WARNINGS /D _SCL_SECURE_NO_WARNINGS /D inline=__inline /D _WINDLL /D _UNICODE /D UNICODE /Gm /EHsc /RTC1 /MDd /GS /fp:precise /Zc:wchar_t /Zc:forScope /Fo"Debug.win32\\" /Fd"Debug.win32\vc100.pdb" /Gd /TP /wd4267 /wd4251 /wd4244 /FIdebug_new_g.h /analyze- /errorReport:prompt ..\CCCamera.cpp ..\CCConfiguration.cpp ..\CCDirector.cpp ..\CCScheduler.cpp ..\actions\CCAction.cpp ..\actions\CCActionCamera.cpp ..\actions\CCActionCatmullRom.cpp ..\actions\CCActionEase.cpp ..\actions\CCActionGrid.cpp ..\actions\CCActionGrid3D.cpp ..\actions\CCActionInstant.cpp ..\actions\CCActionInterval.cpp ..\actions\CCActionManager.cpp ..\actions\CCActionPageTurn3D.cpp ..\actions\CCActionProgressTimer.cpp ..\actions\CCActionTiledGrid.cpp ..\actions\CCActionTween.cpp ..\base_nodes\CCAtlasNode.cpp ..\base_nodes\CCNode.cpp ..\cocoa\CCAffineTransform.cpp ..\cocoa\CCArray.cpp ..\cocoa\CCAutoreleasePool.cpp ..\cocoa\CCDictionary.cpp ..\cocoa\CCGeometry.cpp ..\cocoa\CCNS.cpp ..\cocoa\CCObject.cpp ..\cocoa\CCSet.cpp ..\cocoa\CCString.cpp ..\cocoa\CCZone.cpp ..\cocos2d.cpp ..\draw_nodes\CCDrawNode.cpp ..\draw_nodes\CCDrawingPrimitives.cpp ..\effects\CCGrabber.cpp ..\effects\CCGrid.cpp ..\keypad_dispatcher\CCKeypadDelegate.cpp ..\keypad_dispatcher\CCKeypadDispatcher.cpp ..\label_nodes\CCLabelAtlas.cpp ..\label_nodes\CCLabelBMFont.cpp ..\label_nodes\CCLabelTTF.cpp ..\layers_scenes_transitions_nodes\CCLayer.cpp ..\layers_scenes_transitions_nodes\CCScene.cpp ..\layers_scenes_transitions_nodes\CCTransition.cpp ..\layers_scenes_transitions_nodes\CCTransitionPageTurn.cpp ..\layers_scenes_transitions_nodes\CCTransitionProgress.cpp ..\menu_nodes\CCMenu.cpp ..\menu_nodes\CCMenuItem.cpp ..\misc_nodes\CCClippingNode.cpp ..\misc_nodes\CCMotionStreak.cpp ..\misc_nodes\CCProgressTimer.cpp ..\misc_nodes\CCRenderTexture.cpp ..\particle_nodes\CCParticleBatchNode.cpp ..\particle_nodes\CCParticleExamples.cpp ..\particle_nodes\CCParticleSystem.cpp ..\particle_nodes\CCParticleSystemQuad.cpp ..\platform\CCEGLViewProtocol.cpp ..\platform\CCSAXParser.cpp ..\platform\CCThread.cpp ..\platform\CCZipFile.cpp ..\platform\debug_new.cpp ..\platform\platform.cpp ..\platform\win32\CCAccelerometer.cpp ..\platform\win32\CCApplication.cpp ..\platform\win32\CCCommon.cpp ..\platform\win32\CCEGLView.cpp ..\platform\win32\CCFileUtils.cpp ..\platform\win32\CCImage.cpp ..\platform\win32\CCStdC.cpp ..\script_support\CCScriptSupport.cpp ..\shaders\CCGLProgram.cpp ..\shaders\CCShaderCache.cpp ..\shaders\ccGLStateCache.cpp ..\shaders\ccShaders.cpp ..\sprite_nodes\CCAnimation.cpp ..\sprite_nodes\CCAnimationCache.cpp ..\sprite_nodes\CCSprite.cpp ..\sprite_nodes\CCSpriteBatchNode.cpp ..\sprite_nodes\CCSpriteFrame.cpp ..\sprite_nodes\CCSpriteFrameCache.cpp ..\support\CCNotificationCenter.cpp ..\support\CCPointExtension.cpp ..\support\CCProfiling.cpp ..\support\CCUserDefault.cpp ..\support\CCVertex.cpp ..\support\TransformUtils.cpp ..\support\ccUTF8.cpp ..\support\data_support\ccCArray.cpp ..\support\image_support\TGAlib.cpp ..\support\zip_support\ZipUtils.cpp ..\text_input_node\CCIMEDispatcher.cpp ..\text_input_node\CCTextFieldTTF.cpp ..\textures\CCTexture2D.cpp ..\textures\CCTextureAtlas.cpp ..\textures\CCTextureCache.cpp ..\textures\CCTexturePVR.cpp ..\tileMap_parallax_nodes\CCParallaxNode.cpp ..\tileMap_parallax_nodes\CCTMXLayer.cpp ..\tileMap_parallax_nodes\CCTMXObjectGroup.cpp ..\tileMap_parallax_nodes\CCTMXTiledMap.cpp ..\tileMap_parallax_nodes\CCTMXXMLParser.cpp ..\tileMap_parallax_nodes\CCTileMapAtlas.cpp ..\touch_dispatcher\CCTouch.cpp ..\touch_dispatcher\CCTouchDispatcher.cpp ..\touch_dispatcher\CCTouchHandler.cpp
         {{xgTaskID=00000006}}
         CCConfiguration.cpp
         {{xgTaskID=00000000}}
         {{xgTaskID=00000005}}
         CCCamera.cpp
         {{xgTaskID=00000000}}
         {{xgTaskID=00000012}}
         CCActionPageTurn3D.cpp
         {{xgTaskID=00000000}}
         {{xgTaskID=00000009}}
         CCAction.cpp
         {{xgTaskID=00000000}}
         {{xgTaskID=00000011}}
         CCActionManager.cpp
         {{xgTaskID=00000000}}
         {{xgTaskID=00000013}}
         CCActionProgressTimer.cpp
         {{xgTaskID=00000000}}
         {{xgTaskID=0000000F}}
         CCActionInstant.cpp
         {{xgTaskID=00000000}}
         {{xgTaskID=00000017}}
         CCNode.cpp
         {{xgTaskID=00000000}}
         {{xgTaskID=0000000A}}
         CCActionCamera.cpp
         {{xgTaskID=00000000}}
         {{xgTaskID=0000001A}}
         CCAutoreleasePool.cpp
         {{xgTaskID=00000000}}
         {{xgTaskID=00000008}}
         CCScheduler.cpp
         {{xgTaskID=00000000}}
         {{xgTaskID=00000019}}
         CCArray.cpp
         {{xgTaskID=00000000}}
         {{xgTaskID=0000000E}}
         CCActionGrid3D.cpp
         {{xgTaskID=00000000}}
         {{xgTaskID=00000018}}
         CCAffineTransform.cpp
         {{xgTaskID=00000000}}
         {{xgTaskID=0000001C}}
         CCGeometry.cpp
         {{xgTaskID=00000000}}
         {{xgTaskID=00000010}}
         CCActionInterval.cpp
         {{xgTaskID=00000000}}
         {{xgTaskID=0000001F}}
         CCSet.cpp
         {{xgTaskID=00000000}}
         {{xgTaskID=0000000D}}
         CCActionGrid.cpp
         {{xgTaskID=00000000}}
         {{xgTaskID=0000001E}}
         CCObject.cpp
         {{xgTaskID=00000000}}
         {{xgTaskID=0000001D}}
         CCNS.cpp
         {{xgTaskID=00000000}}
         {{xgTaskID=00000015}}
         CCActionTween.cpp
         {{xgTaskID=00000000}}
         {{xgTaskID=00000007}}
         CCDirector.cpp
     1>d:\client\source\cocos2dx\cocos2dx\ccdirector.cpp(136): warning C4345: 行为更改: 使用 () 形式的初始值设定项构造的 POD 类型的对象将被默认初始化
         {{xgTaskID=00000000}}
         {{xgTaskID=00000021}}
         CCZone.cpp
         {{xgTaskID=00000000}}
         {{xgTaskID=00000025}}
         CCGrabber.cpp
         {{xgTaskID=00000000}}
         {{xgTaskID=00000024}}
         CCDrawingPrimitives.cpp
         {{xgTaskID=00000000}}
         {{xgTaskID=00000014}}
         CCActionTiledGrid.cpp
         {{xgTaskID=00000000}}
         {{xgTaskID=0000000C}}
         CCActionEase.cpp
         {{xgTaskID=00000000}}
         {{xgTaskID=00000027}}
         CCKeypadDelegate.cpp
         {{xgTaskID=00000000}}
         {{xgTaskID=00000016}}
         CCAtlasNode.cpp
         {{xgTaskID=00000000}}
         {{xgTaskID=0000001B}}
         CCDictionary.cpp
         {{xgTaskID=00000000}}
         {{xgTaskID=0000000B}}
         CCActionCatmullRom.cpp
         {{xgTaskID=00000000}}
         {{xgTaskID=00000028}}
         CCKeypadDispatcher.cpp
         {{xgTaskID=00000000}}
         {{xgTaskID=0000002C}}
         CCLayer.cpp
     1>d:\client\source\cocos2dx\cocos2dx\layers_scenes_transitions_nodes\cclayer.cpp(166): warning C4715: “cocos2d::CCLayer::excuteDestructorScriptHandler”: 不是所有的控件路径都返回值
         {{xgTaskID=00000000}}
         {{xgTaskID=00000026}}
         CCGrid.cpp
         {{xgTaskID=00000000}}
         {{xgTaskID=00000023}}
         CCDrawNode.cpp
         {{xgTaskID=00000000}}
         {{xgTaskID=0000002D}}
         CCScene.cpp
         {{xgTaskID=00000000}}
         {{xgTaskID=00000030}}
         CCTransitionProgress.cpp
         {{xgTaskID=00000000}}
         {{xgTaskID=00000035}}
         CCProgressTimer.cpp
         {{xgTaskID=00000000}}
         {{xgTaskID=0000002E}}
         CCTransition.cpp
         {{xgTaskID=00000000}}
         {{xgTaskID=00000034}}
         CCMotionStreak.cpp
         {{xgTaskID=00000000}}
         {{xgTaskID=00000022}}
         cocos2d.cpp
     1>d:\client\source\cocos2dx\cocos2dx\platform\debug_new.h(58): warning C4005: “new”: 宏重定义
                 d:\client\source\cocos2dx\cocos2dx\platform\debug_new_g.h(57) : 参见“new”的前一个定义
         {{xgTaskID=00000000}}
         {{xgTaskID=0000002F}}
         CCTransitionPageTurn.cpp
         {{xgTaskID=00000000}}
         {{xgTaskID=0000002B}}
         CCLabelTTF.cpp
         {{xgTaskID=00000000}}
         {{xgTaskID=00000032}}
         CCMenuItem.cpp
         {{xgTaskID=00000000}}
         {{xgTaskID=0000003A}}
         CCParticleSystemQuad.cpp
         {{xgTaskID=00000000}}
         {{xgTaskID=0000003D}}
         CCThread.cpp
         {{xgTaskID=00000000}}
         {{xgTaskID=00000036}}
         CCRenderTexture.cpp
         {{xgTaskID=00000000}}
         {{xgTaskID=00000038}}
         CCParticleExamples.cpp
         {{xgTaskID=00000000}}
         {{xgTaskID=00000031}}
         CCMenu.cpp
         {{xgTaskID=00000000}}
         {{xgTaskID=00000039}}
         CCParticleSystem.cpp
         {{xgTaskID=00000000}}
         {{xgTaskID=00000040}}
         platform.cpp
         {{xgTaskID=00000000}}
         {{xgTaskID=00000033}}
         CCClippingNode.cpp
         {{xgTaskID=00000000}}
         {{xgTaskID=00000029}}
         CCLabelAtlas.cpp
         {{xgTaskID=00000000}}
         {{xgTaskID=00000020}}
         CCString.cpp
         {{xgTaskID=00000000}}
         {{xgTaskID=0000002A}}
         CCLabelBMFont.cpp
         {{xgTaskID=00000000}}
         {{xgTaskID=00000043}}
         CCCommon.cpp
         {{xgTaskID=00000000}}
         {{xgTaskID=00000047}}
         CCStdC.cpp
         {{xgTaskID=00000000}}
         {{xgTaskID=0000003F}}
         debug_new.cpp
         {{xgTaskID=00000000}}
         {{xgTaskID=00000041}}
         CCAccelerometer.cpp
         {{xgTaskID=00000000}}
         {{xgTaskID=00000037}}
         CCParticleBatchNode.cpp
         {{xgTaskID=00000000}}
         {{xgTaskID=0000003E}}
         CCZipFile.cpp
         {{xgTaskID=00000000}}
         {{xgTaskID=0000003B}}
         CCEGLViewProtocol.cpp
         {{xgTaskID=00000000}}
         {{xgTaskID=0000003C}}
         CCSAXParser.cpp
         {{xgTaskID=00000000}}
         {{xgTaskID=00000044}}
         CCEGLView.cpp
     1>d:\client\source\cocos2dx\cocos2dx\platform\win32\cceglview.cpp(741): warning C4018: “<”: 有符号/无符号不匹配
         {{xgTaskID=00000000}}
         {{xgTaskID=0000004C}}
         ccShaders.cpp
         {{xgTaskID=00000000}}
         {{xgTaskID=00000048}}
         CCScriptSupport.cpp
         {{xgTaskID=00000000}}
         {{xgTaskID=00000046}}
         CCImage.cpp
         {{xgTaskID=00000000}}
         {{xgTaskID=0000004D}}
         CCAnimation.cpp
         {{xgTaskID=00000000}}
         {{xgTaskID=00000054}}
         CCPointExtension.cpp
         {{xgTaskID=00000000}}
         {{xgTaskID=00000053}}
         CCNotificationCenter.cpp
         {{xgTaskID=00000000}}
         {{xgTaskID=00000042}}
         CCApplication.cpp
         {{xgTaskID=00000000}}
         {{xgTaskID=00000055}}
         CCProfiling.cpp
         {{xgTaskID=00000000}}
         {{xgTaskID=00000051}}
         CCSpriteFrame.cpp
         {{xgTaskID=00000000}}
         {{xgTaskID=00000058}}
         TransformUtils.cpp
         {{xgTaskID=00000000}}
         {{xgTaskID=00000059}}
         ccUTF8.cpp
         {{xgTaskID=00000000}}
         {{xgTaskID=0000004F}}
         CCSprite.cpp
         {{xgTaskID=00000000}}
         {{xgTaskID=00000052}}
         CCSpriteFrameCache.cpp
         {{xgTaskID=00000000}}
         {{xgTaskID=0000004A}}
         CCShaderCache.cpp
         {{xgTaskID=00000000}}
         {{xgTaskID=0000005A}}
         ccCArray.cpp
         {{xgTaskID=00000000}}
         {{xgTaskID=0000005B}}
         TGAlib.cpp
         {{xgTaskID=00000000}}
         {{xgTaskID=00000057}}
         CCVertex.cpp
         {{xgTaskID=00000000}}
         {{xgTaskID=0000005D}}
         CCIMEDispatcher.cpp
         {{xgTaskID=00000000}}
         {{xgTaskID=0000005C}}
         ZipUtils.cpp
         {{xgTaskID=00000000}}
         {{xgTaskID=0000004E}}
         CCAnimationCache.cpp
         {{xgTaskID=00000000}}
         {{xgTaskID=00000045}}
         CCFileUtils.cpp
         {{xgTaskID=00000000}}
         {{xgTaskID=00000050}}
         CCSpriteBatchNode.cpp
         {{xgTaskID=00000000}}
         {{xgTaskID=00000049}}
         CCGLProgram.cpp
         {{xgTaskID=00000000}}
         {{xgTaskID=0000004B}}
         ccGLStateCache.cpp
         {{xgTaskID=00000000}}
         {{xgTaskID=00000063}}
         CCParallaxNode.cpp
         {{xgTaskID=00000000}}
         {{xgTaskID=00000062}}
         CCTexturePVR.cpp
         {{xgTaskID=00000000}}
         {{xgTaskID=00000066}}
         CCTMXTiledMap.cpp
         {{xgTaskID=00000000}}
         {{xgTaskID=0000005E}}
         CCTextFieldTTF.cpp
         {{xgTaskID=00000000}}
         {{xgTaskID=00000065}}
         CCTMXObjectGroup.cpp
         {{xgTaskID=00000000}}
         {{xgTaskID=00000064}}
         CCTMXLayer.cpp
         {{xgTaskID=00000000}}
         {{xgTaskID=0000005F}}
         CCTexture2D.cpp
         {{xgTaskID=00000000}}
         {{xgTaskID=00000069}}
         CCTouch.cpp
         {{xgTaskID=00000000}}
         {{xgTaskID=00000067}}
         CCTMXXMLParser.cpp
         {{xgTaskID=00000000}}
         {{xgTaskID=00000068}}
         CCTileMapAtlas.cpp
         {{xgTaskID=00000000}}
         {{xgTaskID=0000006A}}
         CCTouchDispatcher.cpp
         {{xgTaskID=00000000}}
         {{xgTaskID=0000006B}}
         CCTouchHandler.cpp
         {{xgTaskID=00000000}}
         {{xgTaskID=00000061}}
         CCTextureCache.cpp
     1>d:\client\source\cocos2dx\cocos2dx\textures\cctexturecache.cpp(170): warning C4345: 行为更改: 使用 () 形式的初始值设定项构造的 POD 类型的对象将被默认初始化
         {{xgTaskID=00000000}}
         {{xgTaskID=00000056}}
         CCUserDefault.cpp
         {{xgTaskID=00000000}}
         {{xgTaskID=00000060}}
         CCTextureAtlas.cpp
     1>d:\client\source\cocos2dx\cocos2dx\platform\debug_new.h(58): warning C4005: “new”: 宏重定义
                 d:\client\source\cocos2dx\cocos2dx\platform\debug_new_g.h(57) : 参见“new”的前一个定义
         {{xgTaskID=00000000}}
         C:\Program Files (x86)\Microsoft Visual Studio 10.0\VC\bin\CL.exe /c /ID:\client\source\cocos2dx\cocos2dx\proj.win32\.. /ID:\client\source\cocos2dx\cocos2dx\proj.win32\..\platform\win32 /ID:\client\source\cocos2dx\cocos2dx\proj.win32\..\platform\third_party\win32\iconv /ID:\client\source\cocos2dx\cocos2dx\proj.win32\..\platform\third_party\win32\zlib /ID:\client\source\cocos2dx\cocos2dx\proj.win32\..\platform\third_party\win32\libpng /ID:\client\source\cocos2dx\cocos2dx\proj.win32\..\platform\third_party\win32\libjpeg /ID:\client\source\cocos2dx\cocos2dx\proj.win32\..\platform\third_party\win32\libtiff /ID:\client\source\cocos2dx\cocos2dx\proj.win32\..\platform\third_party\win32\libxml2 /ID:\client\source\cocos2dx\cocos2dx\proj.win32\..\platform\third_party\win32\pthread /ID:\client\source\cocos2dx\cocos2dx\proj.win32\..\platform\third_party\win32\OGLES /I..\include /ID:\client\source\cocos2dx\cocos2dx\proj.win32\..\kazmath\include /ID:\client\source\cocos2dx\cocos2dx\proj.win32\..\platform /ID:\client\source\cocos2dx\cocos2dx\proj.win32\..\..\..\Classes /ZI /nologo /W3 /WX- /Od /Oy- /D WIN32 /D _DEBUG /D _WINDOWS /D _USRDLL /D COCOS2DXWIN32_EXPORTS /D GL_GLEXT_PROTOTYPES /D OUR_DEBUG /D COCOS2D_DEBUG=1 /D _CRT_SECURE_NO_WARNINGS /D _SCL_SECURE_NO_WARNINGS /D inline=__inline /D _WINDLL /D _UNICODE /D UNICODE /Gm /EHsc /RTC1 /MDd /GS /fp:precise /Zc:wchar_t /Zc:forScope /Fo"Debug.win32\\" /Fd"Debug.win32\vc100.pdb" /Gd /TC /wd4267 /wd4251 /wd4244 /FIdebug_new_g.h /analyze- /errorReport:prompt ..\kazmath\src\GL\mat4stack.c ..\kazmath\src\GL\matrix.c ..\kazmath\src\aabb.c ..\kazmath\src\mat3.c ..\kazmath\src\mat4.c ..\kazmath\src\plane.c ..\kazmath\src\quaternion.c ..\kazmath\src\ray2.c ..\kazmath\src\utility.c ..\kazmath\src\vec2.c ..\kazmath\src\vec3.c ..\kazmath\src\vec4.c
         {{xgTaskID=0000009F}}
         aabb.c
         {{xgTaskID=00000000}}
         {{xgTaskID=000000A1}}
         mat4.c
         {{xgTaskID=00000000}}
         {{xgTaskID=0000009E}}
         matrix.c
         {{xgTaskID=00000000}}
         {{xgTaskID=000000A3}}
         quaternion.c
         {{xgTaskID=00000000}}
         {{xgTaskID=000000A5}}
         utility.c
         {{xgTaskID=00000000}}
         {{xgTaskID=000000A4}}
         ray2.c
         {{xgTaskID=00000000}}
         {{xgTaskID=000000A6}}
         vec2.c
         {{xgTaskID=00000000}}
         {{xgTaskID=000000A0}}
         mat3.c
         {{xgTaskID=00000000}}
         {{xgTaskID=000000A7}}
         vec3.c
         {{xgTaskID=00000000}}
         {{xgTaskID=000000A2}}
         plane.c
     1>d:\client\source\cocos2dx\cocos2dx\kazmath\src\plane.c : warning C4819: 该文件包含不能在当前代码页(936)中表示的字符。请将该文件保存为 Unicode 格式以防止数据丢失
         {{xgTaskID=00000000}}
         {{xgTaskID=0000009D}}
         mat4stack.c
         {{xgTaskID=00000000}}
         {{xgTaskID=000000A8}}
         vec4.c
         {{xgTaskID=00000000}}
       PreLinkEvent:
         /cstep C:\Program Files (x86)\Xoreax\IncrediBuild\temp\cstep_{8B510F70-0BCD-452C-AE4F-E454AB59101F}.bat if not exist "D:\client\source\Win32\Debug.win32\" mkdir "D:\client\source\Win32\Debug.win32\"
         xcopy /Y /Q "D:\client\source\cocos2dx\cocos2dx\proj.win32\..\platform\third_party\win32\libraries\*.*" "D:\client\source\Win32\Debug.win32\" /msg "Performing Pre-Link Event"
         :VCEnd
         {{xgTaskID=000000A9}}
         复制了 16 个文件
         {{xgTaskID=00000000}}
       Link:
         C:\Program Files (x86)\Microsoft Visual Studio 10.0\VC\bin\link.exe /ERRORREPORT:PROMPT /OUT:"D:\client\source\Win32\Debug.win32\libcocos2d.dll" /INCREMENTAL:NO /NOLOGO /LIBPATH:D:\client\source\Win32\Debug.win32\ opengl32.lib glew32.lib libxml2.lib libzlib.lib libpng.lib libjpeg.lib libtiff.lib libiconv.lib pthreadVCE2.lib kernel32.lib user32.lib gdi32.lib winspool.lib comdlg32.lib advapi32.lib shell32.lib ole32.lib oleaut32.lib uuid.lib odbc32.lib odbccp32.lib /MANIFEST /ManifestFile:"Debug.win32\libcocos2d.dll.intermediate.manifest" /MANIFESTUAC:"level='asInvoker' uiAccess='false'" /DEBUG /PDB:"D:\client\source\Win32\Debug.win32\libcocos2d.pdb" /SUBSYSTEM:WINDOWS /TLBID:1 /DYNAMICBASE /NXCOMPAT /IMPLIB:"D:\client\source\Win32\Debug.win32\libcocos2d.lib" /MACHINE:X86 /PROFILE /DLL Debug.win32\CCAtlasNode.obj
         Debug.win32\CCNode.obj
         Debug.win32\CCAffineTransform.obj
         Debug.win32\CCArray.obj
         Debug.win32\CCAutoreleasePool.obj
         Debug.win32\CCDictionary.obj
         Debug.win32\CCGeometry.obj
         Debug.win32\CCNS.obj
         Debug.win32\CCObject.obj
         Debug.win32\CCSet.obj
         Debug.win32\CCString.obj
         Debug.win32\CCZone.obj
         Debug.win32\CCDrawingPrimitives.obj
         Debug.win32\CCDrawNode.obj
         Debug.win32\CCGrabber.obj
         Debug.win32\CCGrid.obj
         Debug.win32\CCAction.obj
         Debug.win32\CCActionCamera.obj
         Debug.win32\CCActionCatmullRom.obj
         Debug.win32\CCActionEase.obj
         Debug.win32\CCActionGrid.obj
         Debug.win32\CCActionGrid3D.obj
         Debug.win32\CCActionInstant.obj
         Debug.win32\CCActionInterval.obj
         Debug.win32\CCActionManager.obj
         Debug.win32\CCActionPageTurn3D.obj
         Debug.win32\CCActionProgressTimer.obj
         Debug.win32\CCActionTiledGrid.obj
         Debug.win32\CCActionTween.obj
         Debug.win32\CCLabelAtlas.obj
         Debug.win32\CCLabelBMFont.obj
         Debug.win32\CCLabelTTF.obj
         Debug.win32\CCLayer.obj
         Debug.win32\CCScene.obj
         Debug.win32\CCTransition.obj
         Debug.win32\CCTransitionPageTurn.obj
         Debug.win32\CCTransitionProgress.obj
         Debug.win32\CCMenu.obj
         Debug.win32\CCMenuItem.obj
         Debug.win32\CCClippingNode.obj
         Debug.win32\CCMotionStreak.obj
         Debug.win32\CCProgressTimer.obj
         Debug.win32\CCRenderTexture.obj
         Debug.win32\CCParticleBatchNode.obj
         Debug.win32\CCParticleExamples.obj
         Debug.win32\CCParticleSystem.obj
         Debug.win32\CCParticleSystemQuad.obj
         Debug.win32\CCEGLViewProtocol.obj
         Debug.win32\CCSAXParser.obj
         Debug.win32\CCThread.obj
         Debug.win32\CCZipFile.obj
         Debug.win32\debug_new.obj
         Debug.win32\platform.obj
         Debug.win32\CCAccelerometer.obj
         Debug.win32\CCApplication.obj
         Debug.win32\CCCommon.obj
         Debug.win32\CCEGLView.obj
         Debug.win32\CCFileUtils.obj
         Debug.win32\CCImage.obj
         Debug.win32\CCStdC.obj
         Debug.win32\CCGLProgram.obj
         Debug.win32\ccGLStateCache.obj
         Debug.win32\CCShaderCache.obj
         Debug.win32\ccShaders.obj
         Debug.win32\CCAnimation.obj
         Debug.win32\CCAnimationCache.obj
         Debug.win32\CCSprite.obj
         Debug.win32\CCSpriteBatchNode.obj
         Debug.win32\CCSpriteFrame.obj
         Debug.win32\CCSpriteFrameCache.obj
         Debug.win32\base64.obj
         Debug.win32\CCNotificationCenter.obj
         Debug.win32\CCPointExtension.obj
         Debug.win32\CCProfiling.obj
         Debug.win32\CCUserDefault.obj
         Debug.win32\ccUTF8.obj
         Debug.win32\ccUtils.obj
         Debug.win32\CCVertex.obj
         Debug.win32\TransformUtils.obj
         Debug.win32\ccCArray.obj
         Debug.win32\TGAlib.obj
         Debug.win32\ioapi.obj
         Debug.win32\unzip.obj
         Debug.win32\ZipUtils.obj
         Debug.win32\CCTexture2D.obj
         Debug.win32\CCTextureAtlas.obj
         Debug.win32\CCTextureCache.obj
         Debug.win32\CCTexturePVR.obj
         Debug.win32\CCParallaxNode.obj
         Debug.win32\CCTileMapAtlas.obj
         Debug.win32\CCTMXLayer.obj
         Debug.win32\CCTMXObjectGroup.obj
         Debug.win32\CCTMXTiledMap.obj
         Debug.win32\CCTMXXMLParser.obj
         Debug.win32\CCTouch.obj
         Debug.win32\CCTouchDispatcher.obj
         Debug.win32\CCTouchHandler.obj
         Debug.win32\CCKeypadDelegate.obj
         Debug.win32\CCKeypadDispatcher.obj
         Debug.win32\CCIMEDispatcher.obj
         Debug.win32\CCTextFieldTTF.obj
         Debug.win32\CCScriptSupport.obj
         Debug.win32\aabb.obj
         Debug.win32\mat3.obj
         Debug.win32\mat4.obj
         Debug.win32\neon_matrix_impl.obj
         Debug.win32\plane.obj
         Debug.win32\quaternion.obj
         Debug.win32\ray2.obj
         Debug.win32\utility.obj
         Debug.win32\vec2.obj
         Debug.win32\vec3.obj
         Debug.win32\vec4.obj
         Debug.win32\mat4stack.obj
         Debug.win32\matrix.obj
         Debug.win32\CCCamera.obj
         Debug.win32\CCConfiguration.obj
         Debug.win32\CCDirector.obj
         Debug.win32\CCScheduler.obj
         Debug.win32\cocos2d.obj
         {{xgTaskID=000000AA}}
     1>CCAtlasNode.obj : warning LNK4075: 忽略“/EDITANDCONTINUE”(由于“/OPT:REF”规范)
            正在创建库 D:\client\source\Win32\Debug.win32\libcocos2d.lib 和对象 D:\client\source\Win32\Debug.win32\libcocos2d.exp
     1>LINK : warning LNK4098: 默认库“LIBCMT”与其他库的使用冲突；请使用 /NODEFAULTLIB:library
         {{xgTaskID=00000000}}
         cocos2d.vcxproj -> D:\client\source\Win32\Debug.win32\libcocos2d.dll
       Manifest:
         C:\Program Files (x86)\Microsoft SDKs\Windows\v7.0A\bin\mt.exe /nologo /verbose /outputresource:"D:\client\source\Win32\Debug.win32\libcocos2d.dll;#2" /manifest Debug.win32\libcocos2d.dll.intermediate.manifest
         {{xgTaskID=000000AB}}
         
         {{xgTaskID=00000000}}
       FinalizeBuildStatus:
         正在删除文件“Debug.win32\libcocos2d.unsuccessfulbuild”。
         正在对“Debug.win32\libcocos2d.lastbuildstate”执行 Touch 任务。
     1>已完成生成项目“D:\client\source\cocos2dx\cocos2dx\proj.win32\cocos2d.vcxproj”(Build 个目标)的操作。

生成成功。

已用时间 00:01:14.01
